<html>
<head>
<title>TestNG:  AddSecurityQA</title>
<link href="../testng.css" rel="stylesheet" type="text/css" />
<link href="../my-testng.css" rel="stylesheet" type="text/css" />

<style type="text/css">
.log { display: none;} 
.stack-trace { display: none;} 
</style>
<script type="text/javascript">
<!--
function flip(e) {
  current = e.style.display;
  if (current == 'block') {
    e.style.display = 'none';
    return 0;
  }
  else {
    e.style.display = 'block';
    return 1;
  }
}

function toggleBox(szDivId, elem, msg1, msg2)
{
  var res = -1;  if (document.getElementById) {
    res = flip(document.getElementById(szDivId));
  }
  else if (document.all) {
    // this is the way old msie versions work
    res = flip(document.all[szDivId]);
  }
  if(elem) {
    if(res == 0) elem.innerHTML = msg1; else elem.innerHTML = msg2;
  }

}

function toggleAllBoxes() {
  if (document.getElementsByTagName) {
    d = document.getElementsByTagName('div');
    for (i = 0; i < d.length; i++) {
      if (d[i].className == 'log') {
        flip(d[i]);
      }
    }
  }
}

// -->
</script>

</head>
<body>
<h2 align='center'>AddSecurityQA</h2><table border='1' align="center">
<tr>
<td>Tests passed/Failed/Skipped:</td><td>8/1/0</td>
</tr><tr>
<td>Started on:</td><td>Thu May 05 18:36:54 IST 2022</td>
</tr>
<tr><td>Total time:</td><td>43 seconds (43270 ms)</td>
</tr><tr>
<td>Included groups:</td><td></td>
</tr><tr>
<td>Excluded groups:</td><td></td>
</tr>
</table><p/>
<small><i>(Hover the method name to see the test class name)</i></small><p/>
<table width='100%' border='1' class='invocation-failed'>
<tr><td colspan='4' align='center'><b>FAILED TESTS</b></td></tr>
<tr><td><b>Test method</b></td>
<td width="30%"><b>Exception</b></td>
<td width="10%"><b>Time (seconds)</b></td>
<td><b>Instance</b></td>
</tr>
<tr>
<td title='com.shakticoin.tests.PassRecAddSecurityQuestionsTest.selectSetPassRecoveryOption()'><b>selectSetPassRecoveryOption</b><br>Test class: com.shakticoin.tests.PassRecAddSecurityQuestionsTest</td>
<td><div><pre>org.openqa.selenium.ElementClickInterceptedException: element click intercepted: Element &lt;a _ngcontent-serverapp-c83=&quot;&quot; id=&quot;dropdownMenuButton&quot; data-toggle=&quot;dropdown&quot; aria-haspopup=&quot;true&quot; aria-expanded=&quot;false&quot; class=&quot;dropdown-toggle nav-link text-none&quot;&gt;...&lt;/a&gt; is not clickable at point (986, 48). Other element would receive the click: &lt;ngb-modal-window role=&quot;dialog&quot; tabindex=&quot;-1&quot; aria-modal=&quot;true&quot; class=&quot;d-block error-modal-class fade modal show&quot;&gt;...&lt;/ngb-modal-window&gt;
  (Session info: chrome=100.0.4896.127)
Build info: version: &apos;3.141.59&apos;, revision: &apos;e82be7d358&apos;, time: &apos;2018-11-14T08:17:03&apos;
System info: host: &apos;LAPTOP-4JR5SL1G&apos;, ip: &apos;172.27.253.103&apos;, os.name: &apos;Windows 10&apos;, os.arch: &apos;amd64&apos;, os.version: &apos;10.0&apos;, java.version: &apos;1.8.0_291&apos;
Driver info: org.openqa.selenium.chrome.ChromeDriver
Capabilities {acceptInsecureCerts: false, browserName: chrome, browserVersion: 100.0.4896.127, chrome: {chromedriverVersion: 100.0.4896.60 (6a5d10861ce8..., userDataDir: C:\Users\aparn\AppData\Loca...}, goog:chromeOptions: {debuggerAddress: localhost:55081}, javascriptEnabled: true, networkConnectionEnabled: false, pageLoadStrategy: normal, platform: WINDOWS, platformName: WINDOWS, proxy: Proxy(), setWindowRect: true, strictFileInteractability: false, timeouts: {implicit: 0, pageLoad: 300000, script: 30000}, unhandledPromptBehavior: dismiss and notify, webauthn:extension:credBlob: true, webauthn:extension:largeBlob: true, webauthn:virtualAuthenticators: true}
Session ID: 65b830e6c1a7a3041f3897de572c8c02
	at org.openqa.selenium.remote.http.W3CHttpResponseCodec.createException(W3CHttpResponseCodec.java:187)
	at org.openqa.selenium.remote.http.W3CHttpResponseCodec.decode(W3CHttpResponseCodec.java:122)
	at org.openqa.selenium.remote.http.W3CHttpResponseCodec.decode(W3CHttpResponseCodec.java:49)
	at org.openqa.selenium.remote.HttpCommandExecutor.execute(HttpCommandExecutor.java:158)
	at org.openqa.selenium.remote.service.DriverCommandExecutor.execute(DriverCommandExecutor.java:83)
	at org.openqa.selenium.remote.RemoteWebDriver.execute(RemoteWebDriver.java:552)
	at org.openqa.selenium.remote.RemoteWebElement.execute(RemoteWebElement.java:285)
	at org.openqa.selenium.remote.RemoteWebElement.click(RemoteWebElement.java:84)
	at com.shakticoin.utils.ElementUtil.doClick(ElementUtil.java:45)
	at com.shakticoin.pages.UserDropdownMenu.selectSetPassRecovery(UserDropdownMenu.java:41)
	at com.shakticoin.tests.PassRecAddSecurityQuestionsTest.selectSetPassRecoveryOption(PassRecAddSecurityQuestionsTest.java:40)
	at java.util.ArrayList.forEach(ArrayList.java:1259)
... Removed 31 stack frames</pre></div><a href='#' onClick='toggleBox("stack-trace523174153", this, "Click to show all stack frames", "Click to hide stack frames")'>Click to show all stack frames</a>
<div class='stack-trace' id='stack-trace523174153'><pre>org.openqa.selenium.ElementClickInterceptedException: element click intercepted: Element &lt;a _ngcontent-serverapp-c83=&quot;&quot; id=&quot;dropdownMenuButton&quot; data-toggle=&quot;dropdown&quot; aria-haspopup=&quot;true&quot; aria-expanded=&quot;false&quot; class=&quot;dropdown-toggle nav-link text-none&quot;&gt;...&lt;/a&gt; is not clickable at point (986, 48). Other element would receive the click: &lt;ngb-modal-window role=&quot;dialog&quot; tabindex=&quot;-1&quot; aria-modal=&quot;true&quot; class=&quot;d-block error-modal-class fade modal show&quot;&gt;...&lt;/ngb-modal-window&gt;
  (Session info: chrome=100.0.4896.127)
Build info: version: &apos;3.141.59&apos;, revision: &apos;e82be7d358&apos;, time: &apos;2018-11-14T08:17:03&apos;
System info: host: &apos;LAPTOP-4JR5SL1G&apos;, ip: &apos;172.27.253.103&apos;, os.name: &apos;Windows 10&apos;, os.arch: &apos;amd64&apos;, os.version: &apos;10.0&apos;, java.version: &apos;1.8.0_291&apos;
Driver info: org.openqa.selenium.chrome.ChromeDriver
Capabilities {acceptInsecureCerts: false, browserName: chrome, browserVersion: 100.0.4896.127, chrome: {chromedriverVersion: 100.0.4896.60 (6a5d10861ce8..., userDataDir: C:\Users\aparn\AppData\Loca...}, goog:chromeOptions: {debuggerAddress: localhost:55081}, javascriptEnabled: true, networkConnectionEnabled: false, pageLoadStrategy: normal, platform: WINDOWS, platformName: WINDOWS, proxy: Proxy(), setWindowRect: true, strictFileInteractability: false, timeouts: {implicit: 0, pageLoad: 300000, script: 30000}, unhandledPromptBehavior: dismiss and notify, webauthn:extension:credBlob: true, webauthn:extension:largeBlob: true, webauthn:virtualAuthenticators: true}
Session ID: 65b830e6c1a7a3041f3897de572c8c02
	at sun.reflect.NativeConstructorAccessorImpl.newInstance0(Native Method)
	at sun.reflect.NativeConstructorAccessorImpl.newInstance(NativeConstructorAccessorImpl.java:62)
	at sun.reflect.DelegatingConstructorAccessorImpl.newInstance(DelegatingConstructorAccessorImpl.java:45)
	at java.lang.reflect.Constructor.newInstance(Constructor.java:423)
	at org.openqa.selenium.remote.http.W3CHttpResponseCodec.createException(W3CHttpResponseCodec.java:187)
	at org.openqa.selenium.remote.http.W3CHttpResponseCodec.decode(W3CHttpResponseCodec.java:122)
	at org.openqa.selenium.remote.http.W3CHttpResponseCodec.decode(W3CHttpResponseCodec.java:49)
	at org.openqa.selenium.remote.HttpCommandExecutor.execute(HttpCommandExecutor.java:158)
	at org.openqa.selenium.remote.service.DriverCommandExecutor.execute(DriverCommandExecutor.java:83)
	at org.openqa.selenium.remote.RemoteWebDriver.execute(RemoteWebDriver.java:552)
	at org.openqa.selenium.remote.RemoteWebElement.execute(RemoteWebElement.java:285)
	at org.openqa.selenium.remote.RemoteWebElement.click(RemoteWebElement.java:84)
	at com.shakticoin.utils.ElementUtil.doClick(ElementUtil.java:45)
	at com.shakticoin.pages.UserDropdownMenu.selectSetPassRecovery(UserDropdownMenu.java:41)
	at com.shakticoin.tests.PassRecAddSecurityQuestionsTest.selectSetPassRecoveryOption(PassRecAddSecurityQuestionsTest.java:40)
	at sun.reflect.NativeMethodAccessorImpl.invoke0(Native Method)
	at sun.reflect.NativeMethodAccessorImpl.invoke(NativeMethodAccessorImpl.java:62)
	at sun.reflect.DelegatingMethodAccessorImpl.invoke(DelegatingMethodAccessorImpl.java:43)
	at java.lang.reflect.Method.invoke(Method.java:498)
	at org.testng.internal.MethodInvocationHelper.invokeMethod(MethodInvocationHelper.java:134)
	at org.testng.internal.TestInvoker.invokeMethod(TestInvoker.java:597)
	at org.testng.internal.TestInvoker.invokeTestMethod(TestInvoker.java:173)
	at org.testng.internal.MethodRunner.runInSequence(MethodRunner.java:46)
	at org.testng.internal.TestInvoker$MethodInvocationAgent.invoke(TestInvoker.java:816)
	at org.testng.internal.TestInvoker.invokeTestMethods(TestInvoker.java:146)
	at org.testng.internal.TestMethodWorker.invokeTestMethods(TestMethodWorker.java:146)
	at org.testng.internal.TestMethodWorker.run(TestMethodWorker.java:128)
	at java.util.ArrayList.forEach(ArrayList.java:1259)
	at org.testng.TestRunner.privateRun(TestRunner.java:766)
	at org.testng.TestRunner.run(TestRunner.java:587)
	at org.testng.SuiteRunner.runTest(SuiteRunner.java:384)
	at org.testng.SuiteRunner.runSequentially(SuiteRunner.java:378)
	at org.testng.SuiteRunner.privateRun(SuiteRunner.java:337)
	at org.testng.SuiteRunner.run(SuiteRunner.java:286)
	at org.testng.SuiteRunnerWorker.runSuite(SuiteRunnerWorker.java:53)
	at org.testng.SuiteRunnerWorker.run(SuiteRunnerWorker.java:96)
	at org.testng.TestNG.runSuitesSequentially(TestNG.java:1187)
	at org.testng.TestNG.runSuitesLocally(TestNG.java:1109)
	at org.testng.TestNG.runSuites(TestNG.java:1039)
	at org.testng.TestNG.run(TestNG.java:1007)
	at org.testng.remote.AbstractRemoteTestNG.run(AbstractRemoteTestNG.java:115)
	at org.testng.remote.RemoteTestNG.initAndRun(RemoteTestNG.java:251)
	at org.testng.remote.RemoteTestNG.main(RemoteTestNG.java:77)
</pre></div></td>
<td>6</td>
<td>com.shakticoin.tests.PassRecAddSecurityQuestionsTest@1445d7f</td></tr>
</table><p>
<table width='100%' border='1' class='invocation-passed'>
<tr><td colspan='4' align='center'><b>PASSED TESTS</b></td></tr>
<tr><td><b>Test method</b></td>
<td width="30%"><b>Exception</b></td>
<td width="10%"><b>Time (seconds)</b></td>
<td><b>Instance</b></td>
</tr>
<tr>
<td title='com.shakticoin.tests.PassRecAddSecurityQuestionsTest.addSecurityQuestions()'><b>addSecurityQuestions</b><br>Test class: com.shakticoin.tests.PassRecAddSecurityQuestionsTest<br>Parameters: Test1, 0</td>
<td></td>
<td>2</td>
<td>com.shakticoin.tests.PassRecAddSecurityQuestionsTest@1445d7f</td></tr>
<tr>
<td title='com.shakticoin.tests.PassRecAddSecurityQuestionsTest.addSecurityQuestions()'><b>addSecurityQuestions</b><br>Test class: com.shakticoin.tests.PassRecAddSecurityQuestionsTest<br>Parameters: Test2, 1</td>
<td></td>
<td>0</td>
<td>com.shakticoin.tests.PassRecAddSecurityQuestionsTest@1445d7f</td></tr>
<tr>
<td title='com.shakticoin.tests.PassRecAddSecurityQuestionsTest.addSecurityQuestions()'><b>addSecurityQuestions</b><br>Test class: com.shakticoin.tests.PassRecAddSecurityQuestionsTest<br>Parameters: Test3, 2</td>
<td></td>
<td>0</td>
<td>com.shakticoin.tests.PassRecAddSecurityQuestionsTest@1445d7f</td></tr>
<tr>
<td title='com.shakticoin.tests.PassRecAddSecurityQuestionsTest.addSecurityQuestions()'><b>addSecurityQuestions</b><br>Test class: com.shakticoin.tests.PassRecAddSecurityQuestionsTest<br>Parameters: Test4, 3</td>
<td></td>
<td>0</td>
<td>com.shakticoin.tests.PassRecAddSecurityQuestionsTest@1445d7f</td></tr>
<tr>
<td title='com.shakticoin.tests.PassRecAddSecurityQuestionsTest.addSecurityQuestions()'><b>addSecurityQuestions</b><br>Test class: com.shakticoin.tests.PassRecAddSecurityQuestionsTest<br>Parameters: Test5, 4</td>
<td></td>
<td>0</td>
<td>com.shakticoin.tests.PassRecAddSecurityQuestionsTest@1445d7f</td></tr>
<tr>
<td title='com.shakticoin.tests.PassRecAddTrustedMobileTest.clickAddtrustedMobileButton()'><b>clickAddtrustedMobileButton</b><br>Test class: com.shakticoin.tests.PassRecAddTrustedMobileTest</td>
<td></td>
<td>0</td>
<td>com.shakticoin.tests.PassRecAddTrustedMobileTest@11e21d0e</td></tr>
<tr>
<td title='com.shakticoin.tests.PassRecAddTrustedMobileTest.clickSMSVerification()'><b>clickSMSVerification</b><br>Test class: com.shakticoin.tests.PassRecAddTrustedMobileTest</td>
<td></td>
<td>1</td>
<td>com.shakticoin.tests.PassRecAddTrustedMobileTest@11e21d0e</td></tr>
<tr>
<td title='com.shakticoin.tests.PassRecAddSecurityQuestionsTest.clickSecirtyQA()'><b>clickSecirtyQA</b><br>Test class: com.shakticoin.tests.PassRecAddSecurityQuestionsTest</td>
<td></td>
<td>24</td>
<td>com.shakticoin.tests.PassRecAddSecurityQuestionsTest@1445d7f</td></tr>
<tr>
<td title='com.shakticoin.tests.OnBoardTest.clickSignup()'><b>clickSignup</b><br>Test class: com.shakticoin.tests.OnBoardTest</td>
<td></td>
<td>0</td>
<td>com.shakticoin.tests.OnBoardTest@276438c9</td></tr>
<tr>
<td title='com.shakticoin.tests.OnBoardTest.confirmMobile()'><b>confirmMobile</b><br>Test class: com.shakticoin.tests.OnBoardTest</td>
<td></td>
<td>0</td>
<td>com.shakticoin.tests.OnBoardTest@276438c9</td></tr>
<tr>
<td title='com.shakticoin.tests.PassRecAddTrustedMobileTest.confirmPassowrd()'><b>confirmPassowrd</b><br>Test class: com.shakticoin.tests.PassRecAddTrustedMobileTest</td>
<td></td>
<td>2</td>
<td>com.shakticoin.tests.PassRecAddTrustedMobileTest@11e21d0e</td></tr>
<tr>
<td title='com.shakticoin.tests.PassRecAddSecurityQuestionsTest.confirmPassowrd()'><b>confirmPassowrd</b><br>Test class: com.shakticoin.tests.PassRecAddSecurityQuestionsTest</td>
<td></td>
<td>2</td>
<td>com.shakticoin.tests.PassRecAddSecurityQuestionsTest@1445d7f</td></tr>
<tr>
<td title='com.shakticoin.tests.OnBoardTest.login()'><b>login</b><br>Test class: com.shakticoin.tests.OnBoardTest</td>
<td></td>
<td>3</td>
<td>com.shakticoin.tests.OnBoardTest@276438c9</td></tr>
<tr>
<td title='com.shakticoin.tests.PassRecAddTrustedMobileTest.selectSetPassRecoveryOption()'><b>selectSetPassRecoveryOption</b><br>Test class: com.shakticoin.tests.PassRecAddTrustedMobileTest</td>
<td></td>
<td>12</td>
<td>com.shakticoin.tests.PassRecAddTrustedMobileTest@11e21d0e</td></tr>
<tr>
<td title='com.shakticoin.tests.OnBoardTest.sendEmailOTP()'><b>sendEmailOTP</b><br>Test class: com.shakticoin.tests.OnBoardTest</td>
<td></td>
<td>5</td>
<td>com.shakticoin.tests.OnBoardTest@276438c9</td></tr>
<tr>
<td title='com.shakticoin.tests.PassRecAddTrustedMobileTest.sendMobileOTP()'><b>sendMobileOTP</b><br>Test class: com.shakticoin.tests.PassRecAddTrustedMobileTest</td>
<td></td>
<td>0</td>
<td>com.shakticoin.tests.PassRecAddTrustedMobileTest@11e21d0e</td></tr>
<tr>
<td title='com.shakticoin.tests.PassRecAddSecurityQuestionsTest.submitQuestions()'><b>submitQuestions</b><br>Test class: com.shakticoin.tests.PassRecAddSecurityQuestionsTest</td>
<td></td>
<td>0</td>
<td>com.shakticoin.tests.PassRecAddSecurityQuestionsTest@1445d7f</td></tr>
<tr>
<td title='com.shakticoin.tests.OnBoardTest.validateEmailOTP()'><b>validateEmailOTP</b><br>Test class: com.shakticoin.tests.OnBoardTest</td>
<td></td>
<td>8</td>
<td>com.shakticoin.tests.OnBoardTest@276438c9</td></tr>
<tr>
<td title='com.shakticoin.tests.OnBoardTest.validateMobile()'><b>validateMobile</b><br>Test class: com.shakticoin.tests.OnBoardTest</td>
<td></td>
<td>9</td>
<td>com.shakticoin.tests.OnBoardTest@276438c9</td></tr>
<tr>
<td title='com.shakticoin.tests.PassRecAddTrustedMobileTest.validateOTP()'><b>validateOTP</b><br>Test class: com.shakticoin.tests.PassRecAddTrustedMobileTest</td>
<td></td>
<td>6</td>
<td>com.shakticoin.tests.PassRecAddTrustedMobileTest@11e21d0e</td></tr>
<tr>
<td title='com.shakticoin.tests.OnBoardTest.verifyLoginPageTitleTest()'><b>verifyLoginPageTitleTest</b><br>Test class: com.shakticoin.tests.OnBoardTest</td>
<td></td>
<td>0</td>
<td>com.shakticoin.tests.OnBoardTest@276438c9</td></tr>
<tr>
<td title='com.shakticoin.tests.OnBoardTest.verifySignupLinkTest()'><b>verifySignupLinkTest</b><br>Test class: com.shakticoin.tests.OnBoardTest</td>
<td></td>
<td>0</td>
<td>com.shakticoin.tests.OnBoardTest@276438c9</td></tr>
</table><p>
<table width='100%' border='1' class='invocation-skipped'>
<tr><td colspan='4' align='center'><b>SKIPPED TESTS</b></td></tr>
<tr><td><b>Test method</b></td>
<td width="30%"><b>Exception</b></td>
<td width="10%"><b>Time (seconds)</b></td>
<td><b>Instance</b></td>
</tr>
<tr>
<td title='com.shakticoin.tests.OnBoardTest.confirmPassword()'><b>confirmPassword</b><br>Test class: com.shakticoin.tests.OnBoardTest</td>
<td><div><pre>org.testng.SkipException: User is already registered so skipping this
	at com.shakticoin.tests.OnBoardTest.confirmPassword(OnBoardTest.java:147)
	at java.util.ArrayList.forEach(ArrayList.java:1259)
... Removed 27 stack frames</pre></div><a href='#' onClick='toggleBox("stack-trace983834017", this, "Click to show all stack frames", "Click to hide stack frames")'>Click to show all stack frames</a>
<div class='stack-trace' id='stack-trace983834017'><pre>org.testng.SkipException: User is already registered so skipping this
	at com.shakticoin.tests.OnBoardTest.confirmPassword(OnBoardTest.java:147)
	at sun.reflect.NativeMethodAccessorImpl.invoke0(Native Method)
	at sun.reflect.NativeMethodAccessorImpl.invoke(NativeMethodAccessorImpl.java:62)
	at sun.reflect.DelegatingMethodAccessorImpl.invoke(DelegatingMethodAccessorImpl.java:43)
	at java.lang.reflect.Method.invoke(Method.java:498)
	at org.testng.internal.MethodInvocationHelper.invokeMethod(MethodInvocationHelper.java:134)
	at org.testng.internal.TestInvoker.invokeMethod(TestInvoker.java:597)
	at org.testng.internal.TestInvoker.invokeTestMethod(TestInvoker.java:173)
	at org.testng.internal.MethodRunner.runInSequence(MethodRunner.java:46)
	at org.testng.internal.TestInvoker$MethodInvocationAgent.invoke(TestInvoker.java:816)
	at org.testng.internal.TestInvoker.invokeTestMethods(TestInvoker.java:146)
	at org.testng.internal.TestMethodWorker.invokeTestMethods(TestMethodWorker.java:146)
	at org.testng.internal.TestMethodWorker.run(TestMethodWorker.java:128)
	at java.util.ArrayList.forEach(ArrayList.java:1259)
	at org.testng.TestRunner.privateRun(TestRunner.java:766)
	at org.testng.TestRunner.run(TestRunner.java:587)
	at org.testng.SuiteRunner.runTest(SuiteRunner.java:384)
	at org.testng.SuiteRunner.runSequentially(SuiteRunner.java:378)
	at org.testng.SuiteRunner.privateRun(SuiteRunner.java:337)
	at org.testng.SuiteRunner.run(SuiteRunner.java:286)
	at org.testng.SuiteRunnerWorker.runSuite(SuiteRunnerWorker.java:53)
	at org.testng.SuiteRunnerWorker.run(SuiteRunnerWorker.java:96)
	at org.testng.TestNG.runSuitesSequentially(TestNG.java:1187)
	at org.testng.TestNG.runSuitesLocally(TestNG.java:1109)
	at org.testng.TestNG.runSuites(TestNG.java:1039)
	at org.testng.TestNG.run(TestNG.java:1007)
	at org.testng.remote.AbstractRemoteTestNG.run(AbstractRemoteTestNG.java:115)
	at org.testng.remote.RemoteTestNG.initAndRun(RemoteTestNG.java:251)
	at org.testng.remote.RemoteTestNG.main(RemoteTestNG.java:77)
</pre></div></td>
<td>0</td>
<td>com.shakticoin.tests.OnBoardTest@276438c9</td></tr>
<tr>
<td title='com.shakticoin.tests.OnBoardTest.inputMobileNumber()'><b>inputMobileNumber</b><br>Test class: com.shakticoin.tests.OnBoardTest</td>
<td><div><pre>org.testng.SkipException: User is already registered so skipping this
	at com.shakticoin.tests.OnBoardTest.inputMobileNumber(OnBoardTest.java:99)
	at java.util.ArrayList.forEach(ArrayList.java:1259)
... Removed 27 stack frames</pre></div><a href='#' onClick='toggleBox("stack-trace1130258687", this, "Click to show all stack frames", "Click to hide stack frames")'>Click to show all stack frames</a>
<div class='stack-trace' id='stack-trace1130258687'><pre>org.testng.SkipException: User is already registered so skipping this
	at com.shakticoin.tests.OnBoardTest.inputMobileNumber(OnBoardTest.java:99)
	at sun.reflect.NativeMethodAccessorImpl.invoke0(Native Method)
	at sun.reflect.NativeMethodAccessorImpl.invoke(NativeMethodAccessorImpl.java:62)
	at sun.reflect.DelegatingMethodAccessorImpl.invoke(DelegatingMethodAccessorImpl.java:43)
	at java.lang.reflect.Method.invoke(Method.java:498)
	at org.testng.internal.MethodInvocationHelper.invokeMethod(MethodInvocationHelper.java:134)
	at org.testng.internal.TestInvoker.invokeMethod(TestInvoker.java:597)
	at org.testng.internal.TestInvoker.invokeTestMethod(TestInvoker.java:173)
	at org.testng.internal.MethodRunner.runInSequence(MethodRunner.java:46)
	at org.testng.internal.TestInvoker$MethodInvocationAgent.invoke(TestInvoker.java:816)
	at org.testng.internal.TestInvoker.invokeTestMethods(TestInvoker.java:146)
	at org.testng.internal.TestMethodWorker.invokeTestMethods(TestMethodWorker.java:146)
	at org.testng.internal.TestMethodWorker.run(TestMethodWorker.java:128)
	at java.util.ArrayList.forEach(ArrayList.java:1259)
	at org.testng.TestRunner.privateRun(TestRunner.java:766)
	at org.testng.TestRunner.run(TestRunner.java:587)
	at org.testng.SuiteRunner.runTest(SuiteRunner.java:384)
	at org.testng.SuiteRunner.runSequentially(SuiteRunner.java:378)
	at org.testng.SuiteRunner.privateRun(SuiteRunner.java:337)
	at org.testng.SuiteRunner.run(SuiteRunner.java:286)
	at org.testng.SuiteRunnerWorker.runSuite(SuiteRunnerWorker.java:53)
	at org.testng.SuiteRunnerWorker.run(SuiteRunnerWorker.java:96)
	at org.testng.TestNG.runSuitesSequentially(TestNG.java:1187)
	at org.testng.TestNG.runSuitesLocally(TestNG.java:1109)
	at org.testng.TestNG.runSuites(TestNG.java:1039)
	at org.testng.TestNG.run(TestNG.java:1007)
	at org.testng.remote.AbstractRemoteTestNG.run(AbstractRemoteTestNG.java:115)
	at org.testng.remote.RemoteTestNG.initAndRun(RemoteTestNG.java:251)
	at org.testng.remote.RemoteTestNG.main(RemoteTestNG.java:77)
</pre></div></td>
<td>0</td>
<td>com.shakticoin.tests.OnBoardTest@276438c9</td></tr>
<tr>
<td title='com.shakticoin.tests.OnBoardTest.setPassword()'><b>setPassword</b><br>Test class: com.shakticoin.tests.OnBoardTest</td>
<td><div><pre>org.testng.SkipException: User is already registered so skipping this
	at com.shakticoin.tests.OnBoardTest.setPassword(OnBoardTest.java:130)
	at java.util.ArrayList.forEach(ArrayList.java:1259)
... Removed 27 stack frames</pre></div><a href='#' onClick='toggleBox("stack-trace1391818342", this, "Click to show all stack frames", "Click to hide stack frames")'>Click to show all stack frames</a>
<div class='stack-trace' id='stack-trace1391818342'><pre>org.testng.SkipException: User is already registered so skipping this
	at com.shakticoin.tests.OnBoardTest.setPassword(OnBoardTest.java:130)
	at sun.reflect.NativeMethodAccessorImpl.invoke0(Native Method)
	at sun.reflect.NativeMethodAccessorImpl.invoke(NativeMethodAccessorImpl.java:62)
	at sun.reflect.DelegatingMethodAccessorImpl.invoke(DelegatingMethodAccessorImpl.java:43)
	at java.lang.reflect.Method.invoke(Method.java:498)
	at org.testng.internal.MethodInvocationHelper.invokeMethod(MethodInvocationHelper.java:134)
	at org.testng.internal.TestInvoker.invokeMethod(TestInvoker.java:597)
	at org.testng.internal.TestInvoker.invokeTestMethod(TestInvoker.java:173)
	at org.testng.internal.MethodRunner.runInSequence(MethodRunner.java:46)
	at org.testng.internal.TestInvoker$MethodInvocationAgent.invoke(TestInvoker.java:816)
	at org.testng.internal.TestInvoker.invokeTestMethods(TestInvoker.java:146)
	at org.testng.internal.TestMethodWorker.invokeTestMethods(TestMethodWorker.java:146)
	at org.testng.internal.TestMethodWorker.run(TestMethodWorker.java:128)
	at java.util.ArrayList.forEach(ArrayList.java:1259)
	at org.testng.TestRunner.privateRun(TestRunner.java:766)
	at org.testng.TestRunner.run(TestRunner.java:587)
	at org.testng.SuiteRunner.runTest(SuiteRunner.java:384)
	at org.testng.SuiteRunner.runSequentially(SuiteRunner.java:378)
	at org.testng.SuiteRunner.privateRun(SuiteRunner.java:337)
	at org.testng.SuiteRunner.run(SuiteRunner.java:286)
	at org.testng.SuiteRunnerWorker.runSuite(SuiteRunnerWorker.java:53)
	at org.testng.SuiteRunnerWorker.run(SuiteRunnerWorker.java:96)
	at org.testng.TestNG.runSuitesSequentially(TestNG.java:1187)
	at org.testng.TestNG.runSuitesLocally(TestNG.java:1109)
	at org.testng.TestNG.runSuites(TestNG.java:1039)
	at org.testng.TestNG.run(TestNG.java:1007)
	at org.testng.remote.AbstractRemoteTestNG.run(AbstractRemoteTestNG.java:115)
	at org.testng.remote.RemoteTestNG.initAndRun(RemoteTestNG.java:251)
	at org.testng.remote.RemoteTestNG.main(RemoteTestNG.java:77)
</pre></div></td>
<td>0</td>
<td>com.shakticoin.tests.OnBoardTest@276438c9</td></tr>
<tr>
<td title='com.shakticoin.tests.OnBoardTest.setPin()'><b>setPin</b><br>Test class: com.shakticoin.tests.OnBoardTest</td>
<td><div><pre>org.testng.SkipException: User is already registered so skipping this
	at com.shakticoin.tests.OnBoardTest.setPin(OnBoardTest.java:139)
	at java.util.ArrayList.forEach(ArrayList.java:1259)
... Removed 27 stack frames</pre></div><a href='#' onClick='toggleBox("stack-trace645777794", this, "Click to show all stack frames", "Click to hide stack frames")'>Click to show all stack frames</a>
<div class='stack-trace' id='stack-trace645777794'><pre>org.testng.SkipException: User is already registered so skipping this
	at com.shakticoin.tests.OnBoardTest.setPin(OnBoardTest.java:139)
	at sun.reflect.NativeMethodAccessorImpl.invoke0(Native Method)
	at sun.reflect.NativeMethodAccessorImpl.invoke(NativeMethodAccessorImpl.java:62)
	at sun.reflect.DelegatingMethodAccessorImpl.invoke(DelegatingMethodAccessorImpl.java:43)
	at java.lang.reflect.Method.invoke(Method.java:498)
	at org.testng.internal.MethodInvocationHelper.invokeMethod(MethodInvocationHelper.java:134)
	at org.testng.internal.TestInvoker.invokeMethod(TestInvoker.java:597)
	at org.testng.internal.TestInvoker.invokeTestMethod(TestInvoker.java:173)
	at org.testng.internal.MethodRunner.runInSequence(MethodRunner.java:46)
	at org.testng.internal.TestInvoker$MethodInvocationAgent.invoke(TestInvoker.java:816)
	at org.testng.internal.TestInvoker.invokeTestMethods(TestInvoker.java:146)
	at org.testng.internal.TestMethodWorker.invokeTestMethods(TestMethodWorker.java:146)
	at org.testng.internal.TestMethodWorker.run(TestMethodWorker.java:128)
	at java.util.ArrayList.forEach(ArrayList.java:1259)
	at org.testng.TestRunner.privateRun(TestRunner.java:766)
	at org.testng.TestRunner.run(TestRunner.java:587)
	at org.testng.SuiteRunner.runTest(SuiteRunner.java:384)
	at org.testng.SuiteRunner.runSequentially(SuiteRunner.java:378)
	at org.testng.SuiteRunner.privateRun(SuiteRunner.java:337)
	at org.testng.SuiteRunner.run(SuiteRunner.java:286)
	at org.testng.SuiteRunnerWorker.runSuite(SuiteRunnerWorker.java:53)
	at org.testng.SuiteRunnerWorker.run(SuiteRunnerWorker.java:96)
	at org.testng.TestNG.runSuitesSequentially(TestNG.java:1187)
	at org.testng.TestNG.runSuitesLocally(TestNG.java:1109)
	at org.testng.TestNG.runSuites(TestNG.java:1039)
	at org.testng.TestNG.run(TestNG.java:1007)
	at org.testng.remote.AbstractRemoteTestNG.run(AbstractRemoteTestNG.java:115)
	at org.testng.remote.RemoteTestNG.initAndRun(RemoteTestNG.java:251)
	at org.testng.remote.RemoteTestNG.main(RemoteTestNG.java:77)
</pre></div></td>
<td>0</td>
<td>com.shakticoin.tests.OnBoardTest@276438c9</td></tr>
</table><p>
</body>
</html>