<?xml version="1.0" encoding="UTF-8"?>
<!-- Generated by org.testng.reporters.JUnitXMLReporter -->
<testsuite hostname="LAPTOP-4JR5SL1G" ignored="0" name="AddSecurityQA" tests="9" failures="1" timestamp="2022-05-05T18:37:37 IST" time="43.27" errors="0">
  <testcase name="selectSetPassRecoveryOption" time="6.115" classname="com.shakticoin.tests.PassRecAddSecurityQuestionsTest">
    <failure type="org.openqa.selenium.ElementClickInterceptedException" message="element click intercepted: Element &amp;lt;a _ngcontent-serverapp-c83=&amp;quot;&amp;quot; id=&amp;quot;dropdownMenuButton&amp;quot; data-toggle=&amp;quot;dropdown&amp;quot; aria-haspopup=&amp;quot;true&amp;quot; aria-expanded=&amp;quot;false&amp;quot; class=&amp;quot;dropdown-toggle nav-link text-none&amp;quot;&amp;gt;...&amp;lt;/a&amp;gt; is not clickable at point (986, 48). Other element would receive the click: &amp;lt;ngb-modal-window role=&amp;quot;dialog&amp;quot; tabindex=&amp;quot;-1&amp;quot; aria-modal=&amp;quot;true&amp;quot; class=&amp;quot;d-block error-modal-class fade modal show&amp;quot;&amp;gt;...&amp;lt;/ngb-modal-window&amp;gt;
  (Session info: chrome=100.0.4896.127)
Build info: version: &amp;apos;3.141.59&amp;apos;, revision: &amp;apos;e82be7d358&amp;apos;, time: &amp;apos;2018-11-14T08:17:03&amp;apos;
System info: host: &amp;apos;LAPTOP-4JR5SL1G&amp;apos;, ip: &amp;apos;172.27.253.103&amp;apos;, os.name: &amp;apos;Windows 10&amp;apos;, os.arch: &amp;apos;amd64&amp;apos;, os.version: &amp;apos;10.0&amp;apos;, java.version: &amp;apos;1.8.0_291&amp;apos;
Driver info: org.openqa.selenium.chrome.ChromeDriver
Capabilities {acceptInsecureCerts: false, browserName: chrome, browserVersion: 100.0.4896.127, chrome: {chromedriverVersion: 100.0.4896.60 (6a5d10861ce8..., userDataDir: C:\Users\aparn\AppData\Loca...}, goog:chromeOptions: {debuggerAddress: localhost:55081}, javascriptEnabled: true, networkConnectionEnabled: false, pageLoadStrategy: normal, platform: WINDOWS, platformName: WINDOWS, proxy: Proxy(), setWindowRect: true, strictFileInteractability: false, timeouts: {implicit: 0, pageLoad: 300000, script: 30000}, unhandledPromptBehavior: dismiss and notify, webauthn:extension:credBlob: true, webauthn:extension:largeBlob: true, webauthn:virtualAuthenticators: true}
Session ID: 65b830e6c1a7a3041f3897de572c8c02">
      <![CDATA[org.openqa.selenium.ElementClickInterceptedException: element click intercepted: Element <a _ngcontent-serverapp-c83="" id="dropdownMenuButton" data-toggle="dropdown" aria-haspopup="true" aria-expanded="false" class="dropdown-toggle nav-link text-none">...</a> is not clickable at point (986, 48). Other element would receive the click: <ngb-modal-window role="dialog" tabindex="-1" aria-modal="true" class="d-block error-modal-class fade modal show">...</ngb-modal-window>
  (Session info: chrome=100.0.4896.127)
Build info: version: '3.141.59', revision: 'e82be7d358', time: '2018-11-14T08:17:03'
System info: host: 'LAPTOP-4JR5SL1G', ip: '172.27.253.103', os.name: 'Windows 10', os.arch: 'amd64', os.version: '10.0', java.version: '1.8.0_291'
Driver info: org.openqa.selenium.chrome.ChromeDriver
Capabilities {acceptInsecureCerts: false, browserName: chrome, browserVersion: 100.0.4896.127, chrome: {chromedriverVersion: 100.0.4896.60 (6a5d10861ce8..., userDataDir: C:\Users\aparn\AppData\Loca...}, goog:chromeOptions: {debuggerAddress: localhost:55081}, javascriptEnabled: true, networkConnectionEnabled: false, pageLoadStrategy: normal, platform: WINDOWS, platformName: WINDOWS, proxy: Proxy(), setWindowRect: true, strictFileInteractability: false, timeouts: {implicit: 0, pageLoad: 300000, script: 30000}, unhandledPromptBehavior: dismiss and notify, webauthn:extension:credBlob: true, webauthn:extension:largeBlob: true, webauthn:virtualAuthenticators: true}
Session ID: 65b830e6c1a7a3041f3897de572c8c02
at org.openqa.selenium.remote.http.W3CHttpResponseCodec.createException(W3CHttpResponseCodec.java:187)
at org.openqa.selenium.remote.http.W3CHttpResponseCodec.decode(W3CHttpResponseCodec.java:122)
at org.openqa.selenium.remote.http.W3CHttpResponseCodec.decode(W3CHttpResponseCodec.java:49)
at org.openqa.selenium.remote.HttpCommandExecutor.execute(HttpCommandExecutor.java:158)
at org.openqa.selenium.remote.service.DriverCommandExecutor.execute(DriverCommandExecutor.java:83)
at org.openqa.selenium.remote.RemoteWebDriver.execute(RemoteWebDriver.java:552)
at org.openqa.selenium.remote.RemoteWebElement.execute(RemoteWebElement.java:285)
at org.openqa.selenium.remote.RemoteWebElement.click(RemoteWebElement.java:84)
at com.shakticoin.utils.ElementUtil.doClick(ElementUtil.java:45)
at com.shakticoin.pages.UserDropdownMenu.selectSetPassRecovery(UserDropdownMenu.java:41)
at com.shakticoin.tests.PassRecAddSecurityQuestionsTest.selectSetPassRecoveryOption(PassRecAddSecurityQuestionsTest.java:40)
at java.util.ArrayList.forEach(ArrayList.java:1259)
... Removed 31 stack frames]]>
    </failure>
  </testcase> <!-- selectSetPassRecoveryOption -->
  <testcase name="clickSecirtyQA" time="24.604" classname="com.shakticoin.tests.PassRecAddSecurityQuestionsTest"/>
  <testcase name="addSecurityQuestions" time="2.312" classname="com.shakticoin.tests.PassRecAddSecurityQuestionsTest"/>
  <testcase name="addSecurityQuestions" time="0.512" classname="com.shakticoin.tests.PassRecAddSecurityQuestionsTest"/>
  <testcase name="addSecurityQuestions" time="0.508" classname="com.shakticoin.tests.PassRecAddSecurityQuestionsTest"/>
  <testcase name="addSecurityQuestions" time="0.563" classname="com.shakticoin.tests.PassRecAddSecurityQuestionsTest"/>
  <testcase name="addSecurityQuestions" time="0.502" classname="com.shakticoin.tests.PassRecAddSecurityQuestionsTest"/>
  <testcase name="submitQuestions" time="0.132" classname="com.shakticoin.tests.PassRecAddSecurityQuestionsTest"/>
  <testcase name="confirmPassowrd" time="2.249" classname="com.shakticoin.tests.PassRecAddSecurityQuestionsTest"/>
</testsuite> <!-- AddSecurityQA -->
