<html>
<head>
<title>TestNG:  license</title>
<link href="../testng.css" rel="stylesheet" type="text/css" />
<link href="../my-testng.css" rel="stylesheet" type="text/css" />

<style type="text/css">
.log { display: none;} 
.stack-trace { display: none;} 
</style>
<script type="text/javascript">
<!--
function flip(e) {
  current = e.style.display;
  if (current == 'block') {
    e.style.display = 'none';
    return 0;
  }
  else {
    e.style.display = 'block';
    return 1;
  }
}

function toggleBox(szDivId, elem, msg1, msg2)
{
  var res = -1;  if (document.getElementById) {
    res = flip(document.getElementById(szDivId));
  }
  else if (document.all) {
    // this is the way old msie versions work
    res = flip(document.all[szDivId]);
  }
  if(elem) {
    if(res == 0) elem.innerHTML = msg1; else elem.innerHTML = msg2;
  }

}

function toggleAllBoxes() {
  if (document.getElementsByTagName) {
    d = document.getElementsByTagName('div');
    for (i = 0; i < d.length; i++) {
      if (d[i].className == 'log') {
        flip(d[i]);
      }
    }
  }
}

// -->
</script>

</head>
<body>
<h2 align='center'>license</h2><table border='1' align="center">
<tr>
<td>Tests passed/Failed/Skipped:</td><td>15/0/0</td>
</tr><tr>
<td>Started on:</td><td>Fri Apr 29 18:48:28 IST 2022</td>
</tr>
<tr><td>Total time:</td><td>387 seconds (387268 ms)</td>
</tr><tr>
<td>Included groups:</td><td></td>
</tr><tr>
<td>Excluded groups:</td><td></td>
</tr>
</table><p/>
<small><i>(Hover the method name to see the test class name)</i></small><p/>
<table width='100%' border='1' class='invocation-failed'>
<tr><td colspan='4' align='center'><b>FAILED TESTS</b></td></tr>
<tr><td><b>Test method</b></td>
<td width="30%"><b>Exception</b></td>
<td width="10%"><b>Time (seconds)</b></td>
<td><b>Instance</b></td>
</tr>
<tr>
<td title='com.shakticoin.tests.LandingPageTest.clickSignup()'><b>clickSignup</b><br>Test class: com.shakticoin.tests.LandingPageTest</td>
<td><div><pre>java.lang.NullPointerException
	at org.openqa.selenium.support.ui.ExpectedConditions.elementIfVisible(ExpectedConditions.java:314)
	at org.openqa.selenium.support.ui.ExpectedConditions.access$000(ExpectedConditions.java:43)
	at org.openqa.selenium.support.ui.ExpectedConditions$10.apply(ExpectedConditions.java:300)
	at org.openqa.selenium.support.ui.ExpectedConditions$10.apply(ExpectedConditions.java:297)
	at org.openqa.selenium.support.ui.FluentWait.until(FluentWait.java:249)
	at com.shakticoin.utils.ElementUtil.waitForElementToBeVisible(ElementUtil.java:151)
	at com.shakticoin.pages.LandingPage.clickSignup(LandingPage.java:38)
	at com.shakticoin.tests.LandingPageTest.clickSignup(LandingPageTest.java:39)
	at java.util.ArrayList.forEach(ArrayList.java:1259)
... Removed 27 stack frames</pre></div><a href='#' onClick='toggleBox("stack-trace905940937", this, "Click to show all stack frames", "Click to hide stack frames")'>Click to show all stack frames</a>
<div class='stack-trace' id='stack-trace905940937'><pre>java.lang.NullPointerException
	at org.openqa.selenium.support.ui.ExpectedConditions.elementIfVisible(ExpectedConditions.java:314)
	at org.openqa.selenium.support.ui.ExpectedConditions.access$000(ExpectedConditions.java:43)
	at org.openqa.selenium.support.ui.ExpectedConditions$10.apply(ExpectedConditions.java:300)
	at org.openqa.selenium.support.ui.ExpectedConditions$10.apply(ExpectedConditions.java:297)
	at org.openqa.selenium.support.ui.FluentWait.until(FluentWait.java:249)
	at com.shakticoin.utils.ElementUtil.waitForElementToBeVisible(ElementUtil.java:151)
	at com.shakticoin.pages.LandingPage.clickSignup(LandingPage.java:38)
	at com.shakticoin.tests.LandingPageTest.clickSignup(LandingPageTest.java:39)
	at sun.reflect.NativeMethodAccessorImpl.invoke0(Native Method)
	at sun.reflect.NativeMethodAccessorImpl.invoke(NativeMethodAccessorImpl.java:62)
	at sun.reflect.DelegatingMethodAccessorImpl.invoke(DelegatingMethodAccessorImpl.java:43)
	at java.lang.reflect.Method.invoke(Method.java:498)
	at org.testng.internal.MethodInvocationHelper.invokeMethod(MethodInvocationHelper.java:134)
	at org.testng.internal.TestInvoker.invokeMethod(TestInvoker.java:597)
	at org.testng.internal.TestInvoker.invokeTestMethod(TestInvoker.java:173)
	at org.testng.internal.MethodRunner.runInSequence(MethodRunner.java:46)
	at org.testng.internal.TestInvoker$MethodInvocationAgent.invoke(TestInvoker.java:816)
	at org.testng.internal.TestInvoker.invokeTestMethods(TestInvoker.java:146)
	at org.testng.internal.TestMethodWorker.invokeTestMethods(TestMethodWorker.java:146)
	at org.testng.internal.TestMethodWorker.run(TestMethodWorker.java:128)
	at java.util.ArrayList.forEach(ArrayList.java:1259)
	at org.testng.TestRunner.privateRun(TestRunner.java:766)
	at org.testng.TestRunner.run(TestRunner.java:587)
	at org.testng.SuiteRunner.runTest(SuiteRunner.java:384)
	at org.testng.SuiteRunner.runSequentially(SuiteRunner.java:378)
	at org.testng.SuiteRunner.privateRun(SuiteRunner.java:337)
	at org.testng.SuiteRunner.run(SuiteRunner.java:286)
	at org.testng.SuiteRunnerWorker.runSuite(SuiteRunnerWorker.java:53)
	at org.testng.SuiteRunnerWorker.run(SuiteRunnerWorker.java:96)
	at org.testng.TestNG.runSuitesSequentially(TestNG.java:1187)
	at org.testng.TestNG.runSuitesLocally(TestNG.java:1109)
	at org.testng.TestNG.runSuites(TestNG.java:1039)
	at org.testng.TestNG.run(TestNG.java:1007)
	at org.testng.remote.AbstractRemoteTestNG.run(AbstractRemoteTestNG.java:115)
	at org.testng.remote.RemoteTestNG.initAndRun(RemoteTestNG.java:251)
	at org.testng.remote.RemoteTestNG.main(RemoteTestNG.java:77)
</pre></div></td>
<td>0</td>
<td>com.shakticoin.tests.LandingPageTest@d6da883</td></tr>
<tr>
<td title='com.shakticoin.tests.LandingPageTest.verifyLoginPageTitleTest()'><b>verifyLoginPageTitleTest</b><br>Test class: com.shakticoin.tests.LandingPageTest</td>
<td><div><pre>org.openqa.selenium.TimeoutException: Expected condition failed: waiting for title to be &quot;Digital Currency—Movement for Better Money!&quot;. Current title: &quot;403 Forbidden&quot; (tried for 10 second(s) with 500 milliseconds interval)
Build info: version: &apos;3.141.59&apos;, revision: &apos;e82be7d358&apos;, time: &apos;2018-11-14T08:17:03&apos;
System info: host: &apos;LAPTOP-4JR5SL1G&apos;, ip: &apos;192.168.29.12&apos;, os.name: &apos;Windows 10&apos;, os.arch: &apos;amd64&apos;, os.version: &apos;10.0&apos;, java.version: &apos;1.8.0_291&apos;
Driver info: org.openqa.selenium.chrome.ChromeDriver
Capabilities {acceptInsecureCerts: false, browserName: chrome, browserVersion: 100.0.4896.127, chrome: {chromedriverVersion: 100.0.4896.60 (6a5d10861ce8..., userDataDir: C:\Users\aparn\AppData\Loca...}, goog:chromeOptions: {debuggerAddress: localhost:50711}, javascriptEnabled: true, networkConnectionEnabled: false, pageLoadStrategy: normal, platform: WINDOWS, platformName: WINDOWS, proxy: Proxy(), setWindowRect: true, strictFileInteractability: false, timeouts: {implicit: 0, pageLoad: 300000, script: 30000}, unhandledPromptBehavior: dismiss and notify, webauthn:extension:credBlob: true, webauthn:extension:largeBlob: true, webauthn:virtualAuthenticators: true}
Session ID: 2bbcc05c58d62871ac69c7455a3eb2ca
	at org.openqa.selenium.support.ui.WebDriverWait.timeoutException(WebDriverWait.java:95)
	at org.openqa.selenium.support.ui.FluentWait.until(FluentWait.java:272)
	at com.shakticoin.utils.ElementUtil.doGetPageTitleWithIsTitle(ElementUtil.java:128)
	at com.shakticoin.pages.LandingPage.getPageTitle(LandingPage.java:24)
	at com.shakticoin.tests.LandingPageTest.verifyLoginPageTitleTest(LandingPageTest.java:32)
	at java.util.ArrayList.forEach(ArrayList.java:1259)
... Removed 27 stack frames</pre></div><a href='#' onClick='toggleBox("stack-trace1754451055", this, "Click to show all stack frames", "Click to hide stack frames")'>Click to show all stack frames</a>
<div class='stack-trace' id='stack-trace1754451055'><pre>org.openqa.selenium.TimeoutException: Expected condition failed: waiting for title to be &quot;Digital Currency—Movement for Better Money!&quot;. Current title: &quot;403 Forbidden&quot; (tried for 10 second(s) with 500 milliseconds interval)
Build info: version: &apos;3.141.59&apos;, revision: &apos;e82be7d358&apos;, time: &apos;2018-11-14T08:17:03&apos;
System info: host: &apos;LAPTOP-4JR5SL1G&apos;, ip: &apos;192.168.29.12&apos;, os.name: &apos;Windows 10&apos;, os.arch: &apos;amd64&apos;, os.version: &apos;10.0&apos;, java.version: &apos;1.8.0_291&apos;
Driver info: org.openqa.selenium.chrome.ChromeDriver
Capabilities {acceptInsecureCerts: false, browserName: chrome, browserVersion: 100.0.4896.127, chrome: {chromedriverVersion: 100.0.4896.60 (6a5d10861ce8..., userDataDir: C:\Users\aparn\AppData\Loca...}, goog:chromeOptions: {debuggerAddress: localhost:50711}, javascriptEnabled: true, networkConnectionEnabled: false, pageLoadStrategy: normal, platform: WINDOWS, platformName: WINDOWS, proxy: Proxy(), setWindowRect: true, strictFileInteractability: false, timeouts: {implicit: 0, pageLoad: 300000, script: 30000}, unhandledPromptBehavior: dismiss and notify, webauthn:extension:credBlob: true, webauthn:extension:largeBlob: true, webauthn:virtualAuthenticators: true}
Session ID: 2bbcc05c58d62871ac69c7455a3eb2ca
	at org.openqa.selenium.support.ui.WebDriverWait.timeoutException(WebDriverWait.java:95)
	at org.openqa.selenium.support.ui.FluentWait.until(FluentWait.java:272)
	at com.shakticoin.utils.ElementUtil.doGetPageTitleWithIsTitle(ElementUtil.java:128)
	at com.shakticoin.pages.LandingPage.getPageTitle(LandingPage.java:24)
	at com.shakticoin.tests.LandingPageTest.verifyLoginPageTitleTest(LandingPageTest.java:32)
	at sun.reflect.NativeMethodAccessorImpl.invoke0(Native Method)
	at sun.reflect.NativeMethodAccessorImpl.invoke(NativeMethodAccessorImpl.java:62)
	at sun.reflect.DelegatingMethodAccessorImpl.invoke(DelegatingMethodAccessorImpl.java:43)
	at java.lang.reflect.Method.invoke(Method.java:498)
	at org.testng.internal.MethodInvocationHelper.invokeMethod(MethodInvocationHelper.java:134)
	at org.testng.internal.TestInvoker.invokeMethod(TestInvoker.java:597)
	at org.testng.internal.TestInvoker.invokeTestMethod(TestInvoker.java:173)
	at org.testng.internal.MethodRunner.runInSequence(MethodRunner.java:46)
	at org.testng.internal.TestInvoker$MethodInvocationAgent.invoke(TestInvoker.java:816)
	at org.testng.internal.TestInvoker.invokeTestMethods(TestInvoker.java:146)
	at org.testng.internal.TestMethodWorker.invokeTestMethods(TestMethodWorker.java:146)
	at org.testng.internal.TestMethodWorker.run(TestMethodWorker.java:128)
	at java.util.ArrayList.forEach(ArrayList.java:1259)
	at org.testng.TestRunner.privateRun(TestRunner.java:766)
	at org.testng.TestRunner.run(TestRunner.java:587)
	at org.testng.SuiteRunner.runTest(SuiteRunner.java:384)
	at org.testng.SuiteRunner.runSequentially(SuiteRunner.java:378)
	at org.testng.SuiteRunner.privateRun(SuiteRunner.java:337)
	at org.testng.SuiteRunner.run(SuiteRunner.java:286)
	at org.testng.SuiteRunnerWorker.runSuite(SuiteRunnerWorker.java:53)
	at org.testng.SuiteRunnerWorker.run(SuiteRunnerWorker.java:96)
	at org.testng.TestNG.runSuitesSequentially(TestNG.java:1187)
	at org.testng.TestNG.runSuitesLocally(TestNG.java:1109)
	at org.testng.TestNG.runSuites(TestNG.java:1039)
	at org.testng.TestNG.run(TestNG.java:1007)
	at org.testng.remote.AbstractRemoteTestNG.run(AbstractRemoteTestNG.java:115)
	at org.testng.remote.RemoteTestNG.initAndRun(RemoteTestNG.java:251)
	at org.testng.remote.RemoteTestNG.main(RemoteTestNG.java:77)
</pre></div></td>
<td>10</td>
<td>com.shakticoin.tests.LandingPageTest@d6da883</td></tr>
<tr>
<td title='com.shakticoin.tests.LandingPageTest.verifySignupLinkTest()'><b>verifySignupLinkTest</b><br>Test class: com.shakticoin.tests.LandingPageTest</td>
<td><div><pre>org.openqa.selenium.TimeoutException: Expected condition failed: waiting for presence of element located by: By.xpath: //a[@class=&apos;nav-link btn-signup&apos;] (tried for 100 second(s) with 500 milliseconds interval)
	at org.openqa.selenium.support.ui.WebDriverWait.timeoutException(WebDriverWait.java:95)
	at org.openqa.selenium.support.ui.FluentWait.until(FluentWait.java:272)
	at com.shakticoin.utils.ElementUtil.waitForElementPresent(ElementUtil.java:140)
	at com.shakticoin.pages.LandingPage.isSignUpExists(LandingPage.java:29)
	at com.shakticoin.tests.LandingPageTest.verifySignupLinkTest(LandingPageTest.java:26)
	at java.util.ArrayList.forEach(ArrayList.java:1259)
Caused by: org.openqa.selenium.NoSuchElementException: no such element: Unable to locate element: {&quot;method&quot;:&quot;xpath&quot;,&quot;selector&quot;:&quot;//a[@class=&apos;nav-link btn-signup&apos;]&quot;}
  (Session info: chrome=100.0.4896.127)
For documentation on this error, please visit: https://www.seleniumhq.org/exceptions/no_such_element.html
Build info: version: &apos;3.141.59&apos;, revision: &apos;e82be7d358&apos;, time: &apos;2018-11-14T08:17:03&apos;
System info: host: &apos;LAPTOP-4JR5SL1G&apos;, ip: &apos;192.168.29.12&apos;, os.name: &apos;Windows 10&apos;, os.arch: &apos;amd64&apos;, os.version: &apos;10.0&apos;, java.version: &apos;1.8.0_291&apos;
Driver info: org.openqa.selenium.chrome.ChromeDriver
Capabilities {acceptInsecureCerts: false, browserName: chrome, browserVersion: 100.0.4896.127, chrome: {chromedriverVersion: 100.0.4896.60 (6a5d10861ce8..., userDataDir: C:\Users\aparn\AppData\Loca...}, goog:chromeOptions: {debuggerAddress: localhost:50711}, javascriptEnabled: true, networkConnectionEnabled: false, pageLoadStrategy: normal, platform: WINDOWS, platformName: WINDOWS, proxy: Proxy(), setWindowRect: true, strictFileInteractability: false, timeouts: {implicit: 0, pageLoad: 300000, script: 30000}, unhandledPromptBehavior: dismiss and notify, webauthn:extension:credBlob: true, webauthn:extension:largeBlob: true, webauthn:virtualAuthenticators: true}
Session ID: 2bbcc05c58d62871ac69c7455a3eb2ca
*** Element info: {Using=xpath, value=//a[@class=&apos;nav-link btn-signup&apos;]}
	at org.openqa.selenium.remote.http.W3CHttpResponseCodec.createException(W3CHttpResponseCodec.java:187)
	at org.openqa.selenium.remote.http.W3CHttpResponseCodec.decode(W3CHttpResponseCodec.java:122)
	at org.openqa.selenium.remote.http.W3CHttpResponseCodec.decode(W3CHttpResponseCodec.java:49)
	at org.openqa.selenium.remote.HttpCommandExecutor.execute(HttpCommandExecutor.java:158)
	at org.openqa.selenium.remote.service.DriverCommandExecutor.execute(DriverCommandExecutor.java:83)
	at org.openqa.selenium.remote.RemoteWebDriver.execute(RemoteWebDriver.java:552)
	at org.openqa.selenium.remote.RemoteWebDriver.findElement(RemoteWebDriver.java:323)
	at org.openqa.selenium.remote.RemoteWebDriver.findElementByXPath(RemoteWebDriver.java:428)
	at org.openqa.selenium.By$ByXPath.findElement(By.java:353)
	at org.openqa.selenium.remote.RemoteWebDriver.findElement(RemoteWebDriver.java:315)
	at org.openqa.selenium.support.ui.ExpectedConditions$6.apply(ExpectedConditions.java:182)
	at org.openqa.selenium.support.ui.ExpectedConditions$6.apply(ExpectedConditions.java:179)
	at org.openqa.selenium.support.ui.FluentWait.until(FluentWait.java:249)
	... 31 more
... Removed 30 stack frames</pre></div><a href='#' onClick='toggleBox("stack-trace179060558", this, "Click to show all stack frames", "Click to hide stack frames")'>Click to show all stack frames</a>
<div class='stack-trace' id='stack-trace179060558'><pre>org.openqa.selenium.TimeoutException: Expected condition failed: waiting for presence of element located by: By.xpath: //a[@class=&apos;nav-link btn-signup&apos;] (tried for 100 second(s) with 500 milliseconds interval)
	at org.openqa.selenium.support.ui.WebDriverWait.timeoutException(WebDriverWait.java:95)
	at org.openqa.selenium.support.ui.FluentWait.until(FluentWait.java:272)
	at com.shakticoin.utils.ElementUtil.waitForElementPresent(ElementUtil.java:140)
	at com.shakticoin.pages.LandingPage.isSignUpExists(LandingPage.java:29)
	at com.shakticoin.tests.LandingPageTest.verifySignupLinkTest(LandingPageTest.java:26)
	at sun.reflect.NativeMethodAccessorImpl.invoke0(Native Method)
	at sun.reflect.NativeMethodAccessorImpl.invoke(NativeMethodAccessorImpl.java:62)
	at sun.reflect.DelegatingMethodAccessorImpl.invoke(DelegatingMethodAccessorImpl.java:43)
	at java.lang.reflect.Method.invoke(Method.java:498)
	at org.testng.internal.MethodInvocationHelper.invokeMethod(MethodInvocationHelper.java:134)
	at org.testng.internal.TestInvoker.invokeMethod(TestInvoker.java:597)
	at org.testng.internal.TestInvoker.invokeTestMethod(TestInvoker.java:173)
	at org.testng.internal.MethodRunner.runInSequence(MethodRunner.java:46)
	at org.testng.internal.TestInvoker$MethodInvocationAgent.invoke(TestInvoker.java:816)
	at org.testng.internal.TestInvoker.invokeTestMethods(TestInvoker.java:146)
	at org.testng.internal.TestMethodWorker.invokeTestMethods(TestMethodWorker.java:146)
	at org.testng.internal.TestMethodWorker.run(TestMethodWorker.java:128)
	at java.util.ArrayList.forEach(ArrayList.java:1259)
	at org.testng.TestRunner.privateRun(TestRunner.java:766)
	at org.testng.TestRunner.run(TestRunner.java:587)
	at org.testng.SuiteRunner.runTest(SuiteRunner.java:384)
	at org.testng.SuiteRunner.runSequentially(SuiteRunner.java:378)
	at org.testng.SuiteRunner.privateRun(SuiteRunner.java:337)
	at org.testng.SuiteRunner.run(SuiteRunner.java:286)
	at org.testng.SuiteRunnerWorker.runSuite(SuiteRunnerWorker.java:53)
	at org.testng.SuiteRunnerWorker.run(SuiteRunnerWorker.java:96)
	at org.testng.TestNG.runSuitesSequentially(TestNG.java:1187)
	at org.testng.TestNG.runSuitesLocally(TestNG.java:1109)
	at org.testng.TestNG.runSuites(TestNG.java:1039)
	at org.testng.TestNG.run(TestNG.java:1007)
	at org.testng.remote.AbstractRemoteTestNG.run(AbstractRemoteTestNG.java:115)
	at org.testng.remote.RemoteTestNG.initAndRun(RemoteTestNG.java:251)
	at org.testng.remote.RemoteTestNG.main(RemoteTestNG.java:77)
Caused by: org.openqa.selenium.NoSuchElementException: no such element: Unable to locate element: {&quot;method&quot;:&quot;xpath&quot;,&quot;selector&quot;:&quot;//a[@class=&apos;nav-link btn-signup&apos;]&quot;}
  (Session info: chrome=100.0.4896.127)
For documentation on this error, please visit: https://www.seleniumhq.org/exceptions/no_such_element.html
Build info: version: &apos;3.141.59&apos;, revision: &apos;e82be7d358&apos;, time: &apos;2018-11-14T08:17:03&apos;
System info: host: &apos;LAPTOP-4JR5SL1G&apos;, ip: &apos;192.168.29.12&apos;, os.name: &apos;Windows 10&apos;, os.arch: &apos;amd64&apos;, os.version: &apos;10.0&apos;, java.version: &apos;1.8.0_291&apos;
Driver info: org.openqa.selenium.chrome.ChromeDriver
Capabilities {acceptInsecureCerts: false, browserName: chrome, browserVersion: 100.0.4896.127, chrome: {chromedriverVersion: 100.0.4896.60 (6a5d10861ce8..., userDataDir: C:\Users\aparn\AppData\Loca...}, goog:chromeOptions: {debuggerAddress: localhost:50711}, javascriptEnabled: true, networkConnectionEnabled: false, pageLoadStrategy: normal, platform: WINDOWS, platformName: WINDOWS, proxy: Proxy(), setWindowRect: true, strictFileInteractability: false, timeouts: {implicit: 0, pageLoad: 300000, script: 30000}, unhandledPromptBehavior: dismiss and notify, webauthn:extension:credBlob: true, webauthn:extension:largeBlob: true, webauthn:virtualAuthenticators: true}
Session ID: 2bbcc05c58d62871ac69c7455a3eb2ca
*** Element info: {Using=xpath, value=//a[@class=&apos;nav-link btn-signup&apos;]}
	at sun.reflect.GeneratedConstructorAccessor18.newInstance(Unknown Source)
	at sun.reflect.DelegatingConstructorAccessorImpl.newInstance(DelegatingConstructorAccessorImpl.java:45)
	at java.lang.reflect.Constructor.newInstance(Constructor.java:423)
	at org.openqa.selenium.remote.http.W3CHttpResponseCodec.createException(W3CHttpResponseCodec.java:187)
	at org.openqa.selenium.remote.http.W3CHttpResponseCodec.decode(W3CHttpResponseCodec.java:122)
	at org.openqa.selenium.remote.http.W3CHttpResponseCodec.decode(W3CHttpResponseCodec.java:49)
	at org.openqa.selenium.remote.HttpCommandExecutor.execute(HttpCommandExecutor.java:158)
	at org.openqa.selenium.remote.service.DriverCommandExecutor.execute(DriverCommandExecutor.java:83)
	at org.openqa.selenium.remote.RemoteWebDriver.execute(RemoteWebDriver.java:552)
	at org.openqa.selenium.remote.RemoteWebDriver.findElement(RemoteWebDriver.java:323)
	at org.openqa.selenium.remote.RemoteWebDriver.findElementByXPath(RemoteWebDriver.java:428)
	at org.openqa.selenium.By$ByXPath.findElement(By.java:353)
	at org.openqa.selenium.remote.RemoteWebDriver.findElement(RemoteWebDriver.java:315)
	at org.openqa.selenium.support.ui.ExpectedConditions$6.apply(ExpectedConditions.java:182)
	at org.openqa.selenium.support.ui.ExpectedConditions$6.apply(ExpectedConditions.java:179)
	at org.openqa.selenium.support.ui.FluentWait.until(FluentWait.java:249)
	... 31 more
</pre></div></td>
<td>100</td>
<td>com.shakticoin.tests.LandingPageTest@d6da883</td></tr>
</table><p>
<table width='100%' border='1' class='invocation-passed'>
<tr><td colspan='4' align='center'><b>PASSED TESTS</b></td></tr>
<tr><td><b>Test method</b></td>
<td width="30%"><b>Exception</b></td>
<td width="10%"><b>Time (seconds)</b></td>
<td><b>Instance</b></td>
</tr>
<tr>
<td title='com.shakticoin.tests.PassRecAddSecurityQuestionsTest.addSecurityQuestions()'><b>addSecurityQuestions</b><br>Test class: com.shakticoin.tests.PassRecAddSecurityQuestionsTest<br>Parameters: Test1, 0</td>
<td></td>
<td>1</td>
<td>com.shakticoin.tests.PassRecAddSecurityQuestionsTest@19dc67c2</td></tr>
<tr>
<td title='com.shakticoin.tests.PassRecAddSecurityQuestionsTest.addSecurityQuestions()'><b>addSecurityQuestions</b><br>Test class: com.shakticoin.tests.PassRecAddSecurityQuestionsTest<br>Parameters: Test2, 1</td>
<td></td>
<td>1</td>
<td>com.shakticoin.tests.PassRecAddSecurityQuestionsTest@19dc67c2</td></tr>
<tr>
<td title='com.shakticoin.tests.PassRecAddSecurityQuestionsTest.addSecurityQuestions()'><b>addSecurityQuestions</b><br>Test class: com.shakticoin.tests.PassRecAddSecurityQuestionsTest<br>Parameters: Test3, 2</td>
<td></td>
<td>1</td>
<td>com.shakticoin.tests.PassRecAddSecurityQuestionsTest@19dc67c2</td></tr>
<tr>
<td title='com.shakticoin.tests.PassRecAddSecurityQuestionsTest.addSecurityQuestions()'><b>addSecurityQuestions</b><br>Test class: com.shakticoin.tests.PassRecAddSecurityQuestionsTest<br>Parameters: Test4, 3</td>
<td></td>
<td>1</td>
<td>com.shakticoin.tests.PassRecAddSecurityQuestionsTest@19dc67c2</td></tr>
<tr>
<td title='com.shakticoin.tests.PassRecAddSecurityQuestionsTest.addSecurityQuestions()'><b>addSecurityQuestions</b><br>Test class: com.shakticoin.tests.PassRecAddSecurityQuestionsTest<br>Parameters: Test5, 4</td>
<td></td>
<td>1</td>
<td>com.shakticoin.tests.PassRecAddSecurityQuestionsTest@19dc67c2</td></tr>
<tr>
<td title='com.shakticoin.tests.PassRecAddTrustedEmailTest.clickAddtrustedEmailButton()'><b>clickAddtrustedEmailButton</b><br>Test class: com.shakticoin.tests.PassRecAddTrustedEmailTest</td>
<td></td>
<td>0</td>
<td>com.shakticoin.tests.PassRecAddTrustedEmailTest@6e38921c</td></tr>
<tr>
<td title='com.shakticoin.tests.PassRecAddTrustedMobileTest.clickAddtrustedMobileButton()'><b>clickAddtrustedMobileButton</b><br>Test class: com.shakticoin.tests.PassRecAddTrustedMobileTest</td>
<td></td>
<td>0</td>
<td>com.shakticoin.tests.PassRecAddTrustedMobileTest@453da22c</td></tr>
<tr>
<td title='com.shakticoin.tests.PassRecAddTrustedEmailTest.clickEmailVerification()'><b>clickEmailVerification</b><br>Test class: com.shakticoin.tests.PassRecAddTrustedEmailTest</td>
<td></td>
<td>0</td>
<td>com.shakticoin.tests.PassRecAddTrustedEmailTest@6e38921c</td></tr>
<tr>
<td title='com.shakticoin.tests.PassRecAddTrustedMobileTest.clickSMSVerification()'><b>clickSMSVerification</b><br>Test class: com.shakticoin.tests.PassRecAddTrustedMobileTest</td>
<td></td>
<td>0</td>
<td>com.shakticoin.tests.PassRecAddTrustedMobileTest@453da22c</td></tr>
<tr>
<td title='com.shakticoin.tests.PassRecAddSecurityQuestionsTest.clickSMSVerification()'><b>clickSMSVerification</b><br>Test class: com.shakticoin.tests.PassRecAddSecurityQuestionsTest</td>
<td></td>
<td>2</td>
<td>com.shakticoin.tests.PassRecAddSecurityQuestionsTest@19dc67c2</td></tr>
<tr>
<td title='com.shakticoin.tests.PassRecUpdatePinTest.clickUpdatePin()'><b>clickUpdatePin</b><br>Test class: com.shakticoin.tests.PassRecUpdatePinTest</td>
<td></td>
<td>0</td>
<td>com.shakticoin.tests.PassRecUpdatePinTest@7bc1a03d</td></tr>
<tr>
<td title='com.shakticoin.tests.PassRecAddTrustedMobileTest.confirmPassowrd()'><b>confirmPassowrd</b><br>Test class: com.shakticoin.tests.PassRecAddTrustedMobileTest</td>
<td></td>
<td>2</td>
<td>com.shakticoin.tests.PassRecAddTrustedMobileTest@453da22c</td></tr>
<tr>
<td title='com.shakticoin.tests.PassRecAddTrustedEmailTest.confirmPassowrd()'><b>confirmPassowrd</b><br>Test class: com.shakticoin.tests.PassRecAddTrustedEmailTest</td>
<td></td>
<td>2</td>
<td>com.shakticoin.tests.PassRecAddTrustedEmailTest@6e38921c</td></tr>
<tr>
<td title='com.shakticoin.tests.PassRecAddSecurityQuestionsTest.confirmPassowrd()'><b>confirmPassowrd</b><br>Test class: com.shakticoin.tests.PassRecAddSecurityQuestionsTest</td>
<td></td>
<td>2</td>
<td>com.shakticoin.tests.PassRecAddSecurityQuestionsTest@19dc67c2</td></tr>
<tr>
<td title='com.shakticoin.tests.PassRecUpdatePinTest.confirmPassowrd()'><b>confirmPassowrd</b><br>Test class: com.shakticoin.tests.PassRecUpdatePinTest</td>
<td></td>
<td>2</td>
<td>com.shakticoin.tests.PassRecUpdatePinTest@7bc1a03d</td></tr>
<tr>
<td title='com.shakticoin.tests.RegPasswordConfirmPageTest.confirmPassword()'><b>confirmPassword</b><br>Test class: com.shakticoin.tests.RegPasswordConfirmPageTest</td>
<td></td>
<td>2</td>
<td>com.shakticoin.tests.RegPasswordConfirmPageTest@69a10787</td></tr>
<tr>
<td title='com.shakticoin.tests.RegEnterMobileNumberPageTest.inputMobileNumber()'><b>inputMobileNumber</b><br>Test class: com.shakticoin.tests.RegEnterMobileNumberPageTest</td>
<td></td>
<td>3</td>
<td>com.shakticoin.tests.RegEnterMobileNumberPageTest@49c43f4e</td></tr>
<tr>
<td title='com.shakticoin.tests.PurchaseLicenseTest.login()'><b>login</b><br>Test class: com.shakticoin.tests.PurchaseLicenseTest<br>Parameters: //p[normalize-space()='Basic Miner License'], //div[normalize-space()='weekly']</td>
<td></td>
<td>22</td>
<td>com.shakticoin.tests.PurchaseLicenseTest@525b461a</td></tr>
<tr>
<td title='com.shakticoin.tests.PurchaseLicenseTest.login()'><b>login</b><br>Test class: com.shakticoin.tests.PurchaseLicenseTest<br>Parameters: //p[normalize-space()='Basic Miner License'], //div[normalize-space()='monthly']</td>
<td></td>
<td>16</td>
<td>com.shakticoin.tests.PurchaseLicenseTest@525b461a</td></tr>
<tr>
<td title='com.shakticoin.tests.PurchaseLicenseTest.login()'><b>login</b><br>Test class: com.shakticoin.tests.PurchaseLicenseTest<br>Parameters: //p[normalize-space()='Basic Miner License'], //div[normalize-space()='annual']</td>
<td></td>
<td>15</td>
<td>com.shakticoin.tests.PurchaseLicenseTest@525b461a</td></tr>
<tr>
<td title='com.shakticoin.tests.PurchaseLicenseTest.login()'><b>login</b><br>Test class: com.shakticoin.tests.PurchaseLicenseTest<br>Parameters: //p[normalize-space()='Power Miner Tier 1'], //div[normalize-space()='weekly']</td>
<td></td>
<td>14</td>
<td>com.shakticoin.tests.PurchaseLicenseTest@525b461a</td></tr>
<tr>
<td title='com.shakticoin.tests.PurchaseLicenseTest.login()'><b>login</b><br>Test class: com.shakticoin.tests.PurchaseLicenseTest<br>Parameters: //p[normalize-space()='Power Miner Tier 1'], //div[normalize-space()='monthly']</td>
<td></td>
<td>14</td>
<td>com.shakticoin.tests.PurchaseLicenseTest@525b461a</td></tr>
<tr>
<td title='com.shakticoin.tests.PurchaseLicenseTest.login()'><b>login</b><br>Test class: com.shakticoin.tests.PurchaseLicenseTest<br>Parameters: //p[normalize-space()='Power Miner Tier 1'], //div[normalize-space()='annual']</td>
<td></td>
<td>15</td>
<td>com.shakticoin.tests.PurchaseLicenseTest@525b461a</td></tr>
<tr>
<td title='com.shakticoin.tests.PurchaseLicenseTest.login()'><b>login</b><br>Test class: com.shakticoin.tests.PurchaseLicenseTest<br>Parameters: //p[normalize-space()='Power Miner Tier 2'], //div[normalize-space()='weekly']</td>
<td></td>
<td>15</td>
<td>com.shakticoin.tests.PurchaseLicenseTest@525b461a</td></tr>
<tr>
<td title='com.shakticoin.tests.PurchaseLicenseTest.login()'><b>login</b><br>Test class: com.shakticoin.tests.PurchaseLicenseTest<br>Parameters: //p[normalize-space()='Power Miner Tier 2'], //div[normalize-space()='monthly']</td>
<td></td>
<td>15</td>
<td>com.shakticoin.tests.PurchaseLicenseTest@525b461a</td></tr>
<tr>
<td title='com.shakticoin.tests.PurchaseLicenseTest.login()'><b>login</b><br>Test class: com.shakticoin.tests.PurchaseLicenseTest<br>Parameters: //p[normalize-space()='Power Miner Tier 2'], //div[normalize-space()='annual']</td>
<td></td>
<td>14</td>
<td>com.shakticoin.tests.PurchaseLicenseTest@525b461a</td></tr>
<tr>
<td title='com.shakticoin.tests.PurchaseLicenseTest.login()'><b>login</b><br>Test class: com.shakticoin.tests.PurchaseLicenseTest<br>Parameters: //p[normalize-space()='Power Miner Tier 3'], //div[normalize-space()='weekly']</td>
<td></td>
<td>15</td>
<td>com.shakticoin.tests.PurchaseLicenseTest@525b461a</td></tr>
<tr>
<td title='com.shakticoin.tests.PurchaseLicenseTest.login()'><b>login</b><br>Test class: com.shakticoin.tests.PurchaseLicenseTest<br>Parameters: //p[normalize-space()='Power Miner Tier 3'], //div[normalize-space()='monthly']</td>
<td></td>
<td>14</td>
<td>com.shakticoin.tests.PurchaseLicenseTest@525b461a</td></tr>
<tr>
<td title='com.shakticoin.tests.PurchaseLicenseTest.login()'><b>login</b><br>Test class: com.shakticoin.tests.PurchaseLicenseTest<br>Parameters: //p[normalize-space()='Power Miner Tier 3'], //div[normalize-space()='annual']</td>
<td></td>
<td>14</td>
<td>com.shakticoin.tests.PurchaseLicenseTest@525b461a</td></tr>
<tr>
<td title='com.shakticoin.tests.PurchaseLicenseTest.login()'><b>login</b><br>Test class: com.shakticoin.tests.PurchaseLicenseTest<br>Parameters: //p[normalize-space()='Power Miner Tier 4'], //div[normalize-space()='weekly']</td>
<td></td>
<td>34</td>
<td>com.shakticoin.tests.PurchaseLicenseTest@525b461a</td></tr>
<tr>
<td title='com.shakticoin.tests.PurchaseLicenseTest.login()'><b>login</b><br>Test class: com.shakticoin.tests.PurchaseLicenseTest<br>Parameters: //p[normalize-space()='Power Miner Tier 4'], //div[normalize-space()='monthly']</td>
<td></td>
<td>64</td>
<td>com.shakticoin.tests.PurchaseLicenseTest@525b461a</td></tr>
<tr>
<td title='com.shakticoin.tests.PurchaseLicenseTest.login()'><b>login</b><br>Test class: com.shakticoin.tests.PurchaseLicenseTest<br>Parameters: //p[normalize-space()='Power Miner Tier 4'], //div[normalize-space()='annual']</td>
<td></td>
<td>98</td>
<td>com.shakticoin.tests.PurchaseLicenseTest@525b461a</td></tr>
<tr>
<td title='com.shakticoin.tests.RegPasswordSetPageTest.register()'><b>register</b><br>Test class: com.shakticoin.tests.RegPasswordSetPageTest</td>
<td></td>
<td>3</td>
<td>com.shakticoin.tests.RegPasswordSetPageTest@12028586</td></tr>
<tr>
<td title='com.shakticoin.tests.PassRecAddTrustedMobileTest.selectSetPassRecoveryOption()'><b>selectSetPassRecoveryOption</b><br>Test class: com.shakticoin.tests.PassRecAddTrustedMobileTest</td>
<td></td>
<td>10</td>
<td>com.shakticoin.tests.PassRecAddTrustedMobileTest@453da22c</td></tr>
<tr>
<td title='com.shakticoin.tests.PassRecAddTrustedEmailTest.selectSetPassRecoveryOption()'><b>selectSetPassRecoveryOption</b><br>Test class: com.shakticoin.tests.PassRecAddTrustedEmailTest</td>
<td></td>
<td>10</td>
<td>com.shakticoin.tests.PassRecAddTrustedEmailTest@6e38921c</td></tr>
<tr>
<td title='com.shakticoin.tests.PassRecAddSecurityQuestionsTest.selectSetPassRecoveryOption()'><b>selectSetPassRecoveryOption</b><br>Test class: com.shakticoin.tests.PassRecAddSecurityQuestionsTest</td>
<td></td>
<td>10</td>
<td>com.shakticoin.tests.PassRecAddSecurityQuestionsTest@19dc67c2</td></tr>
<tr>
<td title='com.shakticoin.tests.PassRecUpdatePinTest.selectSetPassRecoveryOption()'><b>selectSetPassRecoveryOption</b><br>Test class: com.shakticoin.tests.PassRecUpdatePinTest</td>
<td></td>
<td>10</td>
<td>com.shakticoin.tests.PassRecUpdatePinTest@7bc1a03d</td></tr>
<tr>
<td title='com.shakticoin.tests.RegSendEMailOTPPageTest.sendEmailOTP()'><b>sendEmailOTP</b><br>Test class: com.shakticoin.tests.RegSendEMailOTPPageTest</td>
<td></td>
<td>75</td>
<td>com.shakticoin.tests.RegSendEMailOTPPageTest@45afc369</td></tr>
<tr>
<td title='com.shakticoin.tests.RegValidateEmailOTPPageTest.sendEmailOTP()'><b>sendEmailOTP</b><br>Test class: com.shakticoin.tests.RegValidateEmailOTPPageTest<br>Parameters: User_Email_Register_Flow</td>
<td></td>
<td>13</td>
<td>com.shakticoin.tests.RegValidateEmailOTPPageTest@799d4f69</td></tr>
<tr>
<td title='com.shakticoin.tests.PassRecAddTrustedEmailTest.sendEmailOTP()'><b>sendEmailOTP</b><br>Test class: com.shakticoin.tests.PassRecAddTrustedEmailTest</td>
<td></td>
<td>0</td>
<td>com.shakticoin.tests.PassRecAddTrustedEmailTest@6e38921c</td></tr>
<tr>
<td title='com.shakticoin.tests.PassRecAddTrustedMobileTest.sendMobileOTP()'><b>sendMobileOTP</b><br>Test class: com.shakticoin.tests.PassRecAddTrustedMobileTest</td>
<td></td>
<td>1</td>
<td>com.shakticoin.tests.PassRecAddTrustedMobileTest@453da22c</td></tr>
<tr>
<td title='com.shakticoin.tests.RegPinSettingPageTest.setPin()'><b>setPin</b><br>Test class: com.shakticoin.tests.RegPinSettingPageTest</td>
<td></td>
<td>11</td>
<td>com.shakticoin.tests.RegPinSettingPageTest@17776a8</td></tr>
<tr>
<td title='com.shakticoin.tests.PassRecAddSecurityQuestionsTest.submitQuestions()'><b>submitQuestions</b><br>Test class: com.shakticoin.tests.PassRecAddSecurityQuestionsTest</td>
<td></td>
<td>0</td>
<td>com.shakticoin.tests.PassRecAddSecurityQuestionsTest@19dc67c2</td></tr>
<tr>
<td title='com.shakticoin.tests.PassRecUpdatePinTest.updatePin()'><b>updatePin</b><br>Test class: com.shakticoin.tests.PassRecUpdatePinTest</td>
<td></td>
<td>2</td>
<td>com.shakticoin.tests.PassRecUpdatePinTest@7bc1a03d</td></tr>
<tr>
<td title='com.shakticoin.tests.RegValidateMobileOTPPageTest.validateMobile()'><b>validateMobile</b><br>Test class: com.shakticoin.tests.RegValidateMobileOTPPageTest<br>Parameters: User_Mobile_Register_Flow</td>
<td></td>
<td>8</td>
<td>com.shakticoin.tests.RegValidateMobileOTPPageTest@290dbf45</td></tr>
<tr>
<td title='com.shakticoin.tests.PassRecAddTrustedMobileTest.validateOTP()'><b>validateOTP</b><br>Test class: com.shakticoin.tests.PassRecAddTrustedMobileTest</td>
<td></td>
<td>6</td>
<td>com.shakticoin.tests.PassRecAddTrustedMobileTest@453da22c</td></tr>
<tr>
<td title='com.shakticoin.tests.PassRecAddTrustedEmailTest.validateOTP()'><b>validateOTP</b><br>Test class: com.shakticoin.tests.PassRecAddTrustedEmailTest</td>
<td></td>
<td>6</td>
<td>com.shakticoin.tests.PassRecAddTrustedEmailTest@6e38921c</td></tr>
</table><p>
</body>
</html>