<?xml version="1.0" encoding="UTF-8"?>
<!-- Generated by org.testng.reporters.JUnitXMLReporter -->
<testsuite hostname="LAPTOP-4JR5SL1G" ignored="0" name="Login" tests="8" failures="3" timestamp="2022-04-24T18:43:09 IST" time="141.075" errors="0">
  <testcase name="verifySignupLinkTest" time="0.161" classname="com.shakticoin.tests.LandingPageTest"/>
  <testcase name="verifyLoginPageTitleTest" time="0.022" classname="com.shakticoin.tests.LandingPageTest"/>
  <testcase name="clickSignup" time="0.126" classname="com.shakticoin.tests.LandingPageTest"/>
  <testcase name="sendEmailOTP" time="47.261" classname="com.shakticoin.tests.SendEMailOTPPageTest"/>
  <testcase name="sendEmailOTP" time="9.686" classname="com.shakticoin.tests.ValidateEmailOTPPageTest"/>
  <testcase name="confirmMobile" time="5.012" classname="com.shakticoin.tests.ConfirmMobilePageTest">
    <failure type="java.lang.NullPointerException">
      <![CDATA[java.lang.NullPointerException
at com.shakticoin.utils.ElementUtil.doClick(ElementUtil.java:46)
at com.shakticoin.pages.login.ConfirmMobilePage.confirmMobile(ConfirmMobilePage.java:152)
at com.shakticoin.tests.ConfirmMobilePageTest.confirmMobile(ConfirmMobilePageTest.java:22)
at java.util.ArrayList.forEach(ArrayList.java:1259)
... Removed 27 stack frames]]>
    </failure>
  </testcase> <!-- confirmMobile -->
  <testcase name="validateMobile" time="58.018" classname="com.shakticoin.tests.ValidateMobileOTPPageTest">
    <failure type="org.openqa.selenium.TimeoutException" message="Expected condition failed: waiting for presence of element located by: By.xpath: //input[@id=&amp;apos;otp&amp;apos;] (tried for 50 second(s) with 500 milliseconds interval)">
      <![CDATA[org.openqa.selenium.TimeoutException: Expected condition failed: waiting for presence of element located by: By.xpath: //input[@id='otp'] (tried for 50 second(s) with 500 milliseconds interval)
at org.openqa.selenium.support.ui.WebDriverWait.timeoutException(WebDriverWait.java:95)
at org.openqa.selenium.support.ui.FluentWait.until(FluentWait.java:272)
at com.shakticoin.utils.ElementUtil.waitForElementPresent(ElementUtil.java:141)
at com.shakticoin.pages.registration.ValidateMobileOTPPage.validateMobile(ValidateMobileOTPPage.java:48)
at com.shakticoin.pages.registration.ValidateMobileOTPPage.validateMobileOTP(ValidateMobileOTPPage.java:31)
at com.shakticoin.tests.ValidateMobileOTPPageTest.validateMobile(ValidateMobileOTPPageTest.java:30)
at java.util.ArrayList.forEach(ArrayList.java:1259)
Caused by: org.openqa.selenium.NoSuchElementException: no such element: Unable to locate element: {"method":"xpath","selector":"//input[@id='otp']"}
  (Session info: chrome=100.0.4896.127)
For documentation on this error, please visit: https://www.seleniumhq.org/exceptions/no_such_element.html
Build info: version: '3.141.59', revision: 'e82be7d358', time: '2018-11-14T08:17:03'
System info: host: 'LAPTOP-4JR5SL1G', ip: '172.27.252.86', os.name: 'Windows 10', os.arch: 'amd64', os.version: '10.0', java.version: '1.8.0_291'
Driver info: org.openqa.selenium.chrome.ChromeDriver
Capabilities {acceptInsecureCerts: false, browserName: chrome, browserVersion: 100.0.4896.127, chrome: {chromedriverVersion: 100.0.4896.60 (6a5d10861ce8..., userDataDir: C:\Users\aparn\AppData\Loca...}, goog:chromeOptions: {debuggerAddress: localhost:52024}, javascriptEnabled: true, networkConnectionEnabled: false, pageLoadStrategy: normal, platform: WINDOWS, platformName: WINDOWS, proxy: Proxy(), setWindowRect: true, strictFileInteractability: false, timeouts: {implicit: 0, pageLoad: 300000, script: 30000}, unhandledPromptBehavior: dismiss and notify, webauthn:extension:credBlob: true, webauthn:extension:largeBlob: true, webauthn:virtualAuthenticators: true}
Session ID: 2c84fdbd29698ad53e4952bb6e4b0edd
*** Element info: {Using=xpath, value=//input[@id='otp']}
at org.openqa.selenium.remote.http.W3CHttpResponseCodec.createException(W3CHttpResponseCodec.java:187)
at org.openqa.selenium.remote.http.W3CHttpResponseCodec.decode(W3CHttpResponseCodec.java:122)
at org.openqa.selenium.remote.http.W3CHttpResponseCodec.decode(W3CHttpResponseCodec.java:49)
at org.openqa.selenium.remote.HttpCommandExecutor.execute(HttpCommandExecutor.java:158)
at org.openqa.selenium.remote.service.DriverCommandExecutor.execute(DriverCommandExecutor.java:83)
at org.openqa.selenium.remote.RemoteWebDriver.execute(RemoteWebDriver.java:552)
at org.openqa.selenium.remote.RemoteWebDriver.findElement(RemoteWebDriver.java:323)
at org.openqa.selenium.remote.RemoteWebDriver.findElementByXPath(RemoteWebDriver.java:428)
at org.openqa.selenium.By$ByXPath.findElement(By.java:353)
at org.openqa.selenium.remote.RemoteWebDriver.findElement(RemoteWebDriver.java:315)
at org.openqa.selenium.support.ui.ExpectedConditions$6.apply(ExpectedConditions.java:182)
at org.openqa.selenium.support.ui.ExpectedConditions$6.apply(ExpectedConditions.java:179)
at org.openqa.selenium.support.ui.FluentWait.until(FluentWait.java:249)
... 32 more
... Removed 30 stack frames]]>
    </failure>
  </testcase> <!-- validateMobile -->
  <testcase name="login" time="0.001" classname="com.shakticoin.tests.EnterPasswordPageTest">
    <failure type="java.lang.NullPointerException">
      <![CDATA[java.lang.NullPointerException
at java.util.Objects.requireNonNull(Objects.java:203)
at org.openqa.selenium.support.ui.FluentWait.<init>(FluentWait.java:106)
at org.openqa.selenium.support.ui.WebDriverWait.<init>(WebDriverWait.java:85)
at org.openqa.selenium.support.ui.WebDriverWait.<init>(WebDriverWait.java:45)
at com.shakticoin.utils.ElementUtil.waitForElementPresent(ElementUtil.java:140)
at com.shakticoin.pages.login.EnterPasswordPage.login(EnterPasswordPage.java:30)
at com.shakticoin.tests.EnterPasswordPageTest.login(EnterPasswordPageTest.java:27)
at java.util.ArrayList.forEach(ArrayList.java:1259)
... Removed 27 stack frames]]>
    </failure>
  </testcase> <!-- login -->
</testsuite> <!-- Login -->
