<?xml version="1.0" encoding="UTF-8"?>
<!-- Generated by org.testng.reporters.JUnitXMLReporter -->
<testsuite hostname="LAPTOP-4JR5SL1G" ignored="0" name="User OnBoard" tests="2" failures="1" timestamp="2022-04-24T15:45:11 IST" time="0.104" errors="0">
  <testcase name="@BeforeTest setUp" time="0.014" classname="com.shakticoin.tests.RegistrationTest">
    <failure type="java.lang.Error" message="Unresolved compilation problem: 
	The method init_driver() in the type Base is not applicable for the arguments (WebDriver)
">
      <![CDATA[java.lang.Error: Unresolved compilation problem: 
The method init_driver() in the type Base is not applicable for the arguments (WebDriver)

at com.shakticoin.tests.RegistrationTest.setUp(RegistrationTest.java:42)
... Removed 24 stack frames]]>
    </failure>
  </testcase> <!-- @BeforeTest setUp -->
  <testcase name="Logout" time="0.0" classname="com.shakticoin.tests.RegistrationTest">
    <skipped/>
  </testcase> <!-- Logout -->
  <testcase name="Logout" time="0.039" classname="com.shakticoin.tests.RegistrationTest">
    <failure type="java.lang.NullPointerException">
      <![CDATA[java.lang.NullPointerException
at com.shakticoin.basic.Base.getScreenshot(Base.java:87)
at com.shakticoin.testlisteners.ExtentReportListener.onTestSkipped(ExtentReportListener.java:110)
at java.util.ArrayList.forEach(ArrayList.java:1259)
... Removed 25 stack frames]]>
    </failure>
  </testcase> <!-- Logout -->
</testsuite> <!-- User OnBoard -->
